warning ../package.json: No license field
$ storybook build --output-dir /tmp/chromatic--211250-eUlPA43GUGO1
@storybook/cli v7.0.6

info => Cleaning outputDir: /tmp/chromatic--211250-eUlPA43GUGO1
info => Loading presets
info => Building manager..
info => Manager built (147 ms)
info => Copying static files: /home/a_hashimoto/studyspace/storybook/taskbox/node_modules/@storybook/manager/static at /tmp/chromatic--211250-eUlPA43GUGO1/sb-common-assets
info => Copying static files: /home/a_hashimoto/studyspace/storybook/taskbox/public at /tmp/chromatic--211250-eUlPA43GUGO1/
vite v4.2.2 building for production...

./sb-common-assets/fonts.css doesn't exist at build time, it will remain unchanged to be resolved at runtime
transforming...
Use of eval in "node_modules/telejson/dist/index.mjs" is strongly discouraged as it poses security risks and may cause issues with minification.
Use of eval in "node_modules/telejson/dist/index.mjs" is strongly discouraged as it poses security risks and may cause issues with minification.
✓ 1670 modules transformed.
rendering chunks...
warnings when minifying css:
▲ [WARNING] CSS nesting syntax is not supported in the configured target environment ("chrome87", "edge88", "es2020", "firefox78", "safari14") [unsupported-css-nesting]

    <stdin>:36:2:
      36 │   *vertical-align: middle;
         ╵   ^


▲ [WARNING] Expected identifier but found whitespace [css-syntax-error]

    <stdin>:36:18:
      36 │   *vertical-align: middle;
         ╵                   ^


▲ [WARNING] Unexpected ";" [css-syntax-error]

    <stdin>:36:25:
      36 │   *vertical-align: middle;
         ╵                          ^


computing gzip size...
../../../../../tmp/chromatic--211250-eUlPA43GUGO1/iframe.html                                          12.58 kB
../../../../../tmp/chromatic--211250-eUlPA43GUGO1/assets/percolate-dac75269.ttf                        34.04 kB
../../../../../tmp/chromatic--211250-eUlPA43GUGO1/assets/percolate-ec979d96.woff                       34.11 kB
../../../../../tmp/chromatic--211250-eUlPA43GUGO1/assets/percolate-5ed633c2.eot                        34.21 kB
../../../../../tmp/chromatic--211250-eUlPA43GUGO1/assets/percolate-d13fa91b.svg                       140.51 kB
../../../../../tmp/chromatic--211250-eUlPA43GUGO1/assets/preview-ebdb97e5.css                           6.99 kB │ gzip:   2.08 kB
../../../../../tmp/chromatic--211250-eUlPA43GUGO1/assets/index-d475d2ea.js                              0.21 kB │ gzip:   0.17 kB │ map:     0.83 kB
../../../../../tmp/chromatic--211250-eUlPA43GUGO1/assets/_commonjs-dynamic-modules-302442b1.js          0.30 kB │ gzip:   0.24 kB │ map:     0.12 kB
../../../../../tmp/chromatic--211250-eUlPA43GUGO1/assets/WithTooltip-FBT32F6Q-0fc9d445.js               0.55 kB │ gzip:   0.32 kB │ map:     0.11 kB
../../../../../tmp/chromatic--211250-eUlPA43GUGO1/assets/syntaxhighlighter-QTQ2UBB4-c044bafb.js         0.57 kB │ gzip:   0.35 kB │ map:     0.12 kB
../../../../../tmp/chromatic--211250-eUlPA43GUGO1/assets/index-6d7aa4ee.js                              0.62 kB │ gzip:   0.38 kB │ map:     4.28 kB
../../../../../tmp/chromatic--211250-eUlPA43GUGO1/assets/preview-0435c720.js                            0.69 kB │ gzip:   0.49 kB │ map:     3.80 kB
../../../../../tmp/chromatic--211250-eUlPA43GUGO1/assets/_commonjsHelpers-042e6b4d.js                   0.78 kB │ gzip:   0.44 kB │ map:     0.11 kB
../../../../../tmp/chromatic--211250-eUlPA43GUGO1/assets/index-4d501b15.js                              0.80 kB │ gzip:   0.52 kB │ map:     4.09 kB
../../../../../tmp/chromatic--211250-eUlPA43GUGO1/assets/index-356e4a49.js                              0.81 kB │ gzip:   0.51 kB │ map:     3.25 kB
../../../../../tmp/chromatic--211250-eUlPA43GUGO1/assets/preview-11f622dd.js                            0.83 kB │ gzip:   0.49 kB │ map:     1.24 kB
../../../../../tmp/chromatic--211250-eUlPA43GUGO1/assets/preview-b1164a2e.js                            0.88 kB │ gzip:   0.58 kB │ map:     2.80 kB
../../../../../tmp/chromatic--211250-eUlPA43GUGO1/assets/preview-a978ddcc.js                            1.06 kB │ gzip:   0.69 kB │ map:     3.12 kB
../../../../../tmp/chromatic--211250-eUlPA43GUGO1/assets/preview-bb5acd95.js                            2.38 kB │ gzip:   1.26 kB │ map:    10.27 kB
../../../../../tmp/chromatic--211250-eUlPA43GUGO1/assets/index-d37d4223.js                              2.63 kB │ gzip:   1.30 kB │ map:     7.46 kB
../../../../../tmp/chromatic--211250-eUlPA43GUGO1/assets/preview-f96f0111.js                            3.29 kB │ gzip:   1.41 kB │ map:    10.09 kB
../../../../../tmp/chromatic--211250-eUlPA43GUGO1/assets/Task.stories-89f25132.js                       3.75 kB │ gzip:   1.60 kB │ map:     5.03 kB
../../../../../tmp/chromatic--211250-eUlPA43GUGO1/assets/preview-d05e4bda.js                            3.78 kB │ gzip:   1.79 kB │ map:    14.53 kB
../../../../../tmp/chromatic--211250-eUlPA43GUGO1/assets/iframe-26e0f29f.js                             4.92 kB │ gzip:   1.71 kB │ map:     5.54 kB
../../../../../tmp/chromatic--211250-eUlPA43GUGO1/assets/index-f1f749bf.js                              7.25 kB │ gzip:   2.96 kB │ map:    15.68 kB
../../../../../tmp/chromatic--211250-eUlPA43GUGO1/assets/preview-62235626.js                            7.69 kB │ gzip:   1.60 kB │ map:    13.69 kB
../../../../../tmp/chromatic--211250-eUlPA43GUGO1/assets/preview-e6f1f377.js                            7.97 kB │ gzip:   3.03 kB │ map:    28.18 kB
../../../../../tmp/chromatic--211250-eUlPA43GUGO1/assets/index-078d3f98.js                             10.06 kB │ gzip:   3.66 kB │ map:    26.47 kB
../../../../../tmp/chromatic--211250-eUlPA43GUGO1/assets/GlobalScrollAreaStyles-XIHNDKUY-1da3d7ea.js   10.53 kB │ gzip:   2.40 kB │ map:    15.70 kB
../../../../../tmp/chromatic--211250-eUlPA43GUGO1/assets/preview-8e084d2f.js                           11.13 kB │ gzip:   3.76 kB │ map:    41.76 kB
../../../../../tmp/chromatic--211250-eUlPA43GUGO1/assets/Color-3YIJY6X7-7c0c5f77.js                    31.11 kB │ gzip:  11.69 kB │ map:   112.43 kB
../../../../../tmp/chromatic--211250-eUlPA43GUGO1/assets/TaskList.stories-c9f51b35.js                  40.52 kB │ gzip:  13.99 kB │ map:   239.46 kB
../../../../../tmp/chromatic--211250-eUlPA43GUGO1/assets/OverlayScrollbars-VAV6LJAB-ed031de1.js        59.11 kB │ gzip:  25.35 kB │ map:   277.20 kB
../../../../../tmp/chromatic--211250-eUlPA43GUGO1/assets/_getPrototype-ad889add.js                     78.82 kB │ gzip:  23.65 kB │ map:   325.34 kB
../../../../../tmp/chromatic--211250-eUlPA43GUGO1/assets/index-96c5f47c.js                            134.19 kB │ gzip:  43.27 kB │ map:   326.69 kB
../../../../../tmp/chromatic--211250-eUlPA43GUGO1/assets/config-c5897f1e.js                           213.66 kB │ gzip:  66.39 kB │ map:   802.68 kB
../../../../../tmp/chromatic--211250-eUlPA43GUGO1/assets/InboxScreen.stories-85b0e5b2.js              258.24 kB │ gzip:  60.69 kB │ map:   921.28 kB
../../../../../tmp/chromatic--211250-eUlPA43GUGO1/assets/index-7fd7b4cd.js                            337.22 kB │ gzip:  99.41 kB │ map: 1,431.51 kB
../../../../../tmp/chromatic--211250-eUlPA43GUGO1/assets/DocsRenderer-7FRJXR4N-5f101008.js            504.82 kB │ gzip: 166.15 kB │ map: 1,435.80 kB
../../../../../tmp/chromatic--211250-eUlPA43GUGO1/assets/axe-84f0fd51.js                              554.61 kB │ gzip: 151.92 kB │ map: 1,991.86 kB
../../../../../tmp/chromatic--211250-eUlPA43GUGO1/assets/formatter-S4K5WUZV-08671c1e.js               601.76 kB │ gzip: 185.09 kB │ map: 1,315.97 kB

(!) Some chunks are larger than 500 kBs after minification. Consider:
- Using dynamic import() to code-split the application
- Use build.rollupOptions.output.manualChunks to improve chunking: https://rollupjs.org/configuration-options/#output-manualchunks
- Adjust chunk size limit for this warning via build.chunkSizeWarningLimit.
✓ built in 11.55s
info => Output directory: /tmp/chromatic--211250-eUlPA43GUGO1
